CRITICAL - 2023-01-18 11:18:38 --> Undefined constant "this"
in APPPATH\Views\Templates\header.php on line 4.
 1 SYSTEMPATH\View\View.php(213): include()
 2 SYSTEMPATH\View\View.php(216): CodeIgniter\View\View->CodeIgniter\View\{closure}()
 3 SYSTEMPATH\Common.php(1177): CodeIgniter\View\View->render('Templates/header', [], true)
 4 APPPATH\Controllers\Home.php(9): view('Templates/header')
 5 SYSTEMPATH\CodeIgniter.php(934): App\Controllers\Home->index()
 6 SYSTEMPATH\CodeIgniter.php(499): CodeIgniter\CodeIgniter->runController(Object(App\Controllers\Home))
 7 SYSTEMPATH\CodeIgniter.php(368): CodeIgniter\CodeIgniter->handleRequest(null, Object(Config\Cache), false)
 8 FCPATH\index.php(67): CodeIgniter\CodeIgniter->run()
CRITICAL - 2023-01-18 11:18:39 --> Undefined constant "this"
in APPPATH\Views\Templates\header.php on line 4.
 1 SYSTEMPATH\View\View.php(213): include()
 2 SYSTEMPATH\View\View.php(216): CodeIgniter\View\View->CodeIgniter\View\{closure}()
 3 SYSTEMPATH\Common.php(1177): CodeIgniter\View\View->render('Templates/header', [], true)
 4 APPPATH\Controllers\Home.php(9): view('Templates/header')
 5 SYSTEMPATH\CodeIgniter.php(934): App\Controllers\Home->index()
 6 SYSTEMPATH\CodeIgniter.php(499): CodeIgniter\CodeIgniter->runController(Object(App\Controllers\Home))
 7 SYSTEMPATH\CodeIgniter.php(368): CodeIgniter\CodeIgniter->handleRequest(null, Object(Config\Cache), false)
 8 FCPATH\index.php(67): CodeIgniter\CodeIgniter->run()
CRITICAL - 2023-01-18 11:19:40 --> Undefined constant "this"
in APPPATH\Views\Templates\header.php on line 4.
 1 SYSTEMPATH\View\View.php(213): include()
 2 SYSTEMPATH\View\View.php(216): CodeIgniter\View\View->CodeIgniter\View\{closure}()
 3 SYSTEMPATH\Common.php(1177): CodeIgniter\View\View->render('Templates/header', [], true)
 4 APPPATH\Controllers\Home.php(9): view('Templates/header')
 5 SYSTEMPATH\CodeIgniter.php(934): App\Controllers\Home->index()
 6 SYSTEMPATH\CodeIgniter.php(499): CodeIgniter\CodeIgniter->runController(Object(App\Controllers\Home))
 7 SYSTEMPATH\CodeIgniter.php(368): CodeIgniter\CodeIgniter->handleRequest(null, Object(Config\Cache), false)
 8 FCPATH\index.php(67): CodeIgniter\CodeIgniter->run()
CRITICAL - 2023-01-18 11:19:40 --> Undefined constant "this"
in APPPATH\Views\Templates\header.php on line 4.
 1 SYSTEMPATH\View\View.php(213): include()
 2 SYSTEMPATH\View\View.php(216): CodeIgniter\View\View->CodeIgniter\View\{closure}()
 3 SYSTEMPATH\Common.php(1177): CodeIgniter\View\View->render('Templates/header', [], true)
 4 APPPATH\Controllers\Home.php(9): view('Templates/header')
 5 SYSTEMPATH\CodeIgniter.php(934): App\Controllers\Home->index()
 6 SYSTEMPATH\CodeIgniter.php(499): CodeIgniter\CodeIgniter->runController(Object(App\Controllers\Home))
 7 SYSTEMPATH\CodeIgniter.php(368): CodeIgniter\CodeIgniter->handleRequest(null, Object(Config\Cache), false)
 8 FCPATH\index.php(67): CodeIgniter\CodeIgniter->run()
CRITICAL - 2023-01-18 11:19:41 --> Undefined constant "this"
in APPPATH\Views\Templates\header.php on line 4.
 1 SYSTEMPATH\View\View.php(213): include()
 2 SYSTEMPATH\View\View.php(216): CodeIgniter\View\View->CodeIgniter\View\{closure}()
 3 SYSTEMPATH\Common.php(1177): CodeIgniter\View\View->render('Templates/header', [], true)
 4 APPPATH\Controllers\Home.php(9): view('Templates/header')
 5 SYSTEMPATH\CodeIgniter.php(934): App\Controllers\Home->index()
 6 SYSTEMPATH\CodeIgniter.php(499): CodeIgniter\CodeIgniter->runController(Object(App\Controllers\Home))
 7 SYSTEMPATH\CodeIgniter.php(368): CodeIgniter\CodeIgniter->handleRequest(null, Object(Config\Cache), false)
 8 FCPATH\index.php(67): CodeIgniter\CodeIgniter->run()
CRITICAL - 2023-01-18 11:19:54 --> Undefined constant "this"
in APPPATH\Views\Templates\header.php on line 4.
 1 SYSTEMPATH\View\View.php(213): include()
 2 SYSTEMPATH\View\View.php(216): CodeIgniter\View\View->CodeIgniter\View\{closure}()
 3 SYSTEMPATH\Common.php(1177): CodeIgniter\View\View->render('Templates/header', [], true)
 4 APPPATH\Controllers\Home.php(9): view('Templates/header')
 5 SYSTEMPATH\CodeIgniter.php(934): App\Controllers\Home->index()
 6 SYSTEMPATH\CodeIgniter.php(499): CodeIgniter\CodeIgniter->runController(Object(App\Controllers\Home))
 7 SYSTEMPATH\CodeIgniter.php(368): CodeIgniter\CodeIgniter->handleRequest(null, Object(Config\Cache), false)
 8 FCPATH\index.php(67): CodeIgniter\CodeIgniter->run()
CRITICAL - 2023-01-18 11:20:22 --> Undefined constant "this"
in APPPATH\Views\Templates\header.php on line 4.
 1 SYSTEMPATH\View\View.php(213): include()
 2 SYSTEMPATH\View\View.php(216): CodeIgniter\View\View->CodeIgniter\View\{closure}()
 3 SYSTEMPATH\Common.php(1177): CodeIgniter\View\View->render('Templates/header', [], true)
 4 APPPATH\Controllers\Home.php(9): view('Templates/header')
 5 SYSTEMPATH\CodeIgniter.php(934): App\Controllers\Home->index()
 6 SYSTEMPATH\CodeIgniter.php(499): CodeIgniter\CodeIgniter->runController(Object(App\Controllers\Home))
 7 SYSTEMPATH\CodeIgniter.php(368): CodeIgniter\CodeIgniter->handleRequest(null, Object(Config\Cache), false)
 8 FCPATH\index.php(67): CodeIgniter\CodeIgniter->run()
CRITICAL - 2023-01-18 11:20:22 --> Undefined constant "this"
in APPPATH\Views\Templates\header.php on line 4.
 1 SYSTEMPATH\View\View.php(213): include()
 2 SYSTEMPATH\View\View.php(216): CodeIgniter\View\View->CodeIgniter\View\{closure}()
 3 SYSTEMPATH\Common.php(1177): CodeIgniter\View\View->render('Templates/header', [], true)
 4 APPPATH\Controllers\Home.php(9): view('Templates/header')
 5 SYSTEMPATH\CodeIgniter.php(934): App\Controllers\Home->index()
 6 SYSTEMPATH\CodeIgniter.php(499): CodeIgniter\CodeIgniter->runController(Object(App\Controllers\Home))
 7 SYSTEMPATH\CodeIgniter.php(368): CodeIgniter\CodeIgniter->handleRequest(null, Object(Config\Cache), false)
 8 FCPATH\index.php(67): CodeIgniter\CodeIgniter->run()
CRITICAL - 2023-01-18 11:20:47 --> Invalid file: "Templates/inicio.php"
in SYSTEMPATH\Exceptions\FrameworkException.php on line 33.
 1 SYSTEMPATH\View\View.php(201): CodeIgniter\Exceptions\FrameworkException::forInvalidFile('Templates/inicio.php')
 2 SYSTEMPATH\Common.php(1177): CodeIgniter\View\View->render('Templates/inicio', [], true)
 3 APPPATH\Controllers\Home.php(9): view('Templates/inicio')
 4 SYSTEMPATH\CodeIgniter.php(934): App\Controllers\Home->index()
 5 SYSTEMPATH\CodeIgniter.php(499): CodeIgniter\CodeIgniter->runController(Object(App\Controllers\Home))
 6 SYSTEMPATH\CodeIgniter.php(368): CodeIgniter\CodeIgniter->handleRequest(null, Object(Config\Cache), false)
 7 FCPATH\index.php(67): CodeIgniter\CodeIgniter->run()
CRITICAL - 2023-01-18 11:20:47 --> Invalid file: "Templates/inicio.php"
in SYSTEMPATH\Exceptions\FrameworkException.php on line 33.
 1 SYSTEMPATH\View\View.php(201): CodeIgniter\Exceptions\FrameworkException::forInvalidFile('Templates/inicio.php')
 2 SYSTEMPATH\Common.php(1177): CodeIgniter\View\View->render('Templates/inicio', [], true)
 3 APPPATH\Controllers\Home.php(9): view('Templates/inicio')
 4 SYSTEMPATH\CodeIgniter.php(934): App\Controllers\Home->index()
 5 SYSTEMPATH\CodeIgniter.php(499): CodeIgniter\CodeIgniter->runController(Object(App\Controllers\Home))
 6 SYSTEMPATH\CodeIgniter.php(368): CodeIgniter\CodeIgniter->handleRequest(null, Object(Config\Cache), false)
 7 FCPATH\index.php(67): CodeIgniter\CodeIgniter->run()
CRITICAL - 2023-01-18 11:20:47 --> Invalid file: "Templates/inicio.php"
in SYSTEMPATH\Exceptions\FrameworkException.php on line 33.
 1 SYSTEMPATH\View\View.php(201): CodeIgniter\Exceptions\FrameworkException::forInvalidFile('Templates/inicio.php')
 2 SYSTEMPATH\Common.php(1177): CodeIgniter\View\View->render('Templates/inicio', [], true)
 3 APPPATH\Controllers\Home.php(9): view('Templates/inicio')
 4 SYSTEMPATH\CodeIgniter.php(934): App\Controllers\Home->index()
 5 SYSTEMPATH\CodeIgniter.php(499): CodeIgniter\CodeIgniter->runController(Object(App\Controllers\Home))
 6 SYSTEMPATH\CodeIgniter.php(368): CodeIgniter\CodeIgniter->handleRequest(null, Object(Config\Cache), false)
 7 FCPATH\index.php(67): CodeIgniter\CodeIgniter->run()
CRITICAL - 2023-01-18 11:20:47 --> Invalid file: "Templates/inicio.php"
in SYSTEMPATH\Exceptions\FrameworkException.php on line 33.
 1 SYSTEMPATH\View\View.php(201): CodeIgniter\Exceptions\FrameworkException::forInvalidFile('Templates/inicio.php')
 2 SYSTEMPATH\Common.php(1177): CodeIgniter\View\View->render('Templates/inicio', [], true)
 3 APPPATH\Controllers\Home.php(9): view('Templates/inicio')
 4 SYSTEMPATH\CodeIgniter.php(934): App\Controllers\Home->index()
 5 SYSTEMPATH\CodeIgniter.php(499): CodeIgniter\CodeIgniter->runController(Object(App\Controllers\Home))
 6 SYSTEMPATH\CodeIgniter.php(368): CodeIgniter\CodeIgniter->handleRequest(null, Object(Config\Cache), false)
 7 FCPATH\index.php(67): CodeIgniter\CodeIgniter->run()
CRITICAL - 2023-01-18 11:23:47 --> Invalid file: "Templates/inicio.php"
in SYSTEMPATH\Exceptions\FrameworkException.php on line 33.
 1 SYSTEMPATH\View\View.php(201): CodeIgniter\Exceptions\FrameworkException::forInvalidFile('Templates/inicio.php')
 2 SYSTEMPATH\Common.php(1177): CodeIgniter\View\View->render('Templates/inicio', [], true)
 3 APPPATH\Controllers\Home.php(9): view('Templates/inicio')
 4 SYSTEMPATH\CodeIgniter.php(934): App\Controllers\Home->index()
 5 SYSTEMPATH\CodeIgniter.php(499): CodeIgniter\CodeIgniter->runController(Object(App\Controllers\Home))
 6 SYSTEMPATH\CodeIgniter.php(368): CodeIgniter\CodeIgniter->handleRequest(null, Object(Config\Cache), false)
 7 FCPATH\index.php(67): CodeIgniter\CodeIgniter->run()
CRITICAL - 2023-01-18 11:23:48 --> Invalid file: "Templates/inicio.php"
in SYSTEMPATH\Exceptions\FrameworkException.php on line 33.
 1 SYSTEMPATH\View\View.php(201): CodeIgniter\Exceptions\FrameworkException::forInvalidFile('Templates/inicio.php')
 2 SYSTEMPATH\Common.php(1177): CodeIgniter\View\View->render('Templates/inicio', [], true)
 3 APPPATH\Controllers\Home.php(9): view('Templates/inicio')
 4 SYSTEMPATH\CodeIgniter.php(934): App\Controllers\Home->index()
 5 SYSTEMPATH\CodeIgniter.php(499): CodeIgniter\CodeIgniter->runController(Object(App\Controllers\Home))
 6 SYSTEMPATH\CodeIgniter.php(368): CodeIgniter\CodeIgniter->handleRequest(null, Object(Config\Cache), false)
 7 FCPATH\index.php(67): CodeIgniter\CodeIgniter->run()
CRITICAL - 2023-01-18 11:23:48 --> Invalid file: "Templates/inicio.php"
in SYSTEMPATH\Exceptions\FrameworkException.php on line 33.
 1 SYSTEMPATH\View\View.php(201): CodeIgniter\Exceptions\FrameworkException::forInvalidFile('Templates/inicio.php')
 2 SYSTEMPATH\Common.php(1177): CodeIgniter\View\View->render('Templates/inicio', [], true)
 3 APPPATH\Controllers\Home.php(9): view('Templates/inicio')
 4 SYSTEMPATH\CodeIgniter.php(934): App\Controllers\Home->index()
 5 SYSTEMPATH\CodeIgniter.php(499): CodeIgniter\CodeIgniter->runController(Object(App\Controllers\Home))
 6 SYSTEMPATH\CodeIgniter.php(368): CodeIgniter\CodeIgniter->handleRequest(null, Object(Config\Cache), false)
 7 FCPATH\index.php(67): CodeIgniter\CodeIgniter->run()
CRITICAL - 2023-01-18 11:23:48 --> Invalid file: "Templates/inicio.php"
in SYSTEMPATH\Exceptions\FrameworkException.php on line 33.
 1 SYSTEMPATH\View\View.php(201): CodeIgniter\Exceptions\FrameworkException::forInvalidFile('Templates/inicio.php')
 2 SYSTEMPATH\Common.php(1177): CodeIgniter\View\View->render('Templates/inicio', [], true)
 3 APPPATH\Controllers\Home.php(9): view('Templates/inicio')
 4 SYSTEMPATH\CodeIgniter.php(934): App\Controllers\Home->index()
 5 SYSTEMPATH\CodeIgniter.php(499): CodeIgniter\CodeIgniter->runController(Object(App\Controllers\Home))
 6 SYSTEMPATH\CodeIgniter.php(368): CodeIgniter\CodeIgniter->handleRequest(null, Object(Config\Cache), false)
 7 FCPATH\index.php(67): CodeIgniter\CodeIgniter->run()
CRITICAL - 2023-01-18 11:23:48 --> Invalid file: "Templates/inicio.php"
in SYSTEMPATH\Exceptions\FrameworkException.php on line 33.
 1 SYSTEMPATH\View\View.php(201): CodeIgniter\Exceptions\FrameworkException::forInvalidFile('Templates/inicio.php')
 2 SYSTEMPATH\Common.php(1177): CodeIgniter\View\View->render('Templates/inicio', [], true)
 3 APPPATH\Controllers\Home.php(9): view('Templates/inicio')
 4 SYSTEMPATH\CodeIgniter.php(934): App\Controllers\Home->index()
 5 SYSTEMPATH\CodeIgniter.php(499): CodeIgniter\CodeIgniter->runController(Object(App\Controllers\Home))
 6 SYSTEMPATH\CodeIgniter.php(368): CodeIgniter\CodeIgniter->handleRequest(null, Object(Config\Cache), false)
 7 FCPATH\index.php(67): CodeIgniter\CodeIgniter->run()
CRITICAL - 2023-01-18 11:23:48 --> Invalid file: "Templates/inicio.php"
in SYSTEMPATH\Exceptions\FrameworkException.php on line 33.
 1 SYSTEMPATH\View\View.php(201): CodeIgniter\Exceptions\FrameworkException::forInvalidFile('Templates/inicio.php')
 2 SYSTEMPATH\Common.php(1177): CodeIgniter\View\View->render('Templates/inicio', [], true)
 3 APPPATH\Controllers\Home.php(9): view('Templates/inicio')
 4 SYSTEMPATH\CodeIgniter.php(934): App\Controllers\Home->index()
 5 SYSTEMPATH\CodeIgniter.php(499): CodeIgniter\CodeIgniter->runController(Object(App\Controllers\Home))
 6 SYSTEMPATH\CodeIgniter.php(368): CodeIgniter\CodeIgniter->handleRequest(null, Object(Config\Cache), false)
 7 FCPATH\index.php(67): CodeIgniter\CodeIgniter->run()
CRITICAL - 2023-01-18 11:23:49 --> Invalid file: "Templates/inicio.php"
in SYSTEMPATH\Exceptions\FrameworkException.php on line 33.
 1 SYSTEMPATH\View\View.php(201): CodeIgniter\Exceptions\FrameworkException::forInvalidFile('Templates/inicio.php')
 2 SYSTEMPATH\Common.php(1177): CodeIgniter\View\View->render('Templates/inicio', [], true)
 3 APPPATH\Controllers\Home.php(9): view('Templates/inicio')
 4 SYSTEMPATH\CodeIgniter.php(934): App\Controllers\Home->index()
 5 SYSTEMPATH\CodeIgniter.php(499): CodeIgniter\CodeIgniter->runController(Object(App\Controllers\Home))
 6 SYSTEMPATH\CodeIgniter.php(368): CodeIgniter\CodeIgniter->handleRequest(null, Object(Config\Cache), false)
 7 FCPATH\index.php(67): CodeIgniter\CodeIgniter->run()
CRITICAL - 2023-01-18 11:31:59 --> Invalid file: "Layout/foter.php"
in SYSTEMPATH\Exceptions\FrameworkException.php on line 33.
 1 SYSTEMPATH\View\View.php(201): CodeIgniter\Exceptions\FrameworkException::forInvalidFile('Layout/foter.php')
 2 SYSTEMPATH\View\View.php(229): CodeIgniter\View\View->render('Layout/foter', [], true)
 3 SYSTEMPATH\Common.php(1177): CodeIgniter\View\View->render('Pages/inicio', [], true)
 4 APPPATH\Controllers\Home.php(9): view('Pages/inicio')
 5 SYSTEMPATH\CodeIgniter.php(934): App\Controllers\Home->index()
 6 SYSTEMPATH\CodeIgniter.php(499): CodeIgniter\CodeIgniter->runController(Object(App\Controllers\Home))
 7 SYSTEMPATH\CodeIgniter.php(368): CodeIgniter\CodeIgniter->handleRequest(null, Object(Config\Cache), false)
 8 FCPATH\index.php(67): CodeIgniter\CodeIgniter->run()
CRITICAL - 2023-01-18 11:32:04 --> Invalid file: "Layouts/foter.php"
in SYSTEMPATH\Exceptions\FrameworkException.php on line 33.
 1 SYSTEMPATH\View\View.php(201): CodeIgniter\Exceptions\FrameworkException::forInvalidFile('Layouts/foter.php')
 2 SYSTEMPATH\View\View.php(229): CodeIgniter\View\View->render('Layouts/foter', [], true)
 3 SYSTEMPATH\Common.php(1177): CodeIgniter\View\View->render('Pages/inicio', [], true)
 4 APPPATH\Controllers\Home.php(9): view('Pages/inicio')
 5 SYSTEMPATH\CodeIgniter.php(934): App\Controllers\Home->index()
 6 SYSTEMPATH\CodeIgniter.php(499): CodeIgniter\CodeIgniter->runController(Object(App\Controllers\Home))
 7 SYSTEMPATH\CodeIgniter.php(368): CodeIgniter\CodeIgniter->handleRequest(null, Object(Config\Cache), false)
 8 FCPATH\index.php(67): CodeIgniter\CodeIgniter->run()
CRITICAL - 2023-01-18 11:32:05 --> Invalid file: "Layouts/foter.php"
in SYSTEMPATH\Exceptions\FrameworkException.php on line 33.
 1 SYSTEMPATH\View\View.php(201): CodeIgniter\Exceptions\FrameworkException::forInvalidFile('Layouts/foter.php')
 2 SYSTEMPATH\View\View.php(229): CodeIgniter\View\View->render('Layouts/foter', [], true)
 3 SYSTEMPATH\Common.php(1177): CodeIgniter\View\View->render('Pages/inicio', [], true)
 4 APPPATH\Controllers\Home.php(9): view('Pages/inicio')
 5 SYSTEMPATH\CodeIgniter.php(934): App\Controllers\Home->index()
 6 SYSTEMPATH\CodeIgniter.php(499): CodeIgniter\CodeIgniter->runController(Object(App\Controllers\Home))
 7 SYSTEMPATH\CodeIgniter.php(368): CodeIgniter\CodeIgniter->handleRequest(null, Object(Config\Cache), false)
 8 FCPATH\index.php(67): CodeIgniter\CodeIgniter->run()
CRITICAL - 2023-01-18 11:32:05 --> Invalid file: "Layouts/foter.php"
in SYSTEMPATH\Exceptions\FrameworkException.php on line 33.
 1 SYSTEMPATH\View\View.php(201): CodeIgniter\Exceptions\FrameworkException::forInvalidFile('Layouts/foter.php')
 2 SYSTEMPATH\View\View.php(229): CodeIgniter\View\View->render('Layouts/foter', [], true)
 3 SYSTEMPATH\Common.php(1177): CodeIgniter\View\View->render('Pages/inicio', [], true)
 4 APPPATH\Controllers\Home.php(9): view('Pages/inicio')
 5 SYSTEMPATH\CodeIgniter.php(934): App\Controllers\Home->index()
 6 SYSTEMPATH\CodeIgniter.php(499): CodeIgniter\CodeIgniter->runController(Object(App\Controllers\Home))
 7 SYSTEMPATH\CodeIgniter.php(368): CodeIgniter\CodeIgniter->handleRequest(null, Object(Config\Cache), false)
 8 FCPATH\index.php(67): CodeIgniter\CodeIgniter->run()
CRITICAL - 2023-01-18 11:38:58 --> Invalid file: "Layouts/navbar.php"
in SYSTEMPATH\Exceptions\FrameworkException.php on line 33.
 1 SYSTEMPATH\View\View.php(201): CodeIgniter\Exceptions\FrameworkException::forInvalidFile('Layouts/navbar.php')
 2 SYSTEMPATH\View\View.php(431): CodeIgniter\View\View->render('Layouts/navbar', null, true)
 3 APPPATH\Views\Pages\inicio.php(1): CodeIgniter\View\View->include('Layouts/navbar')
 4 SYSTEMPATH\View\View.php(213): include('APPPATH\\Views\\Pages\\inicio.php')
 5 SYSTEMPATH\View\View.php(216): CodeIgniter\View\View->CodeIgniter\View\{closure}()
 6 SYSTEMPATH\Common.php(1177): CodeIgniter\View\View->render('Pages/inicio', [], true)
 7 APPPATH\Controllers\Home.php(9): view('Pages/inicio')
 8 SYSTEMPATH\CodeIgniter.php(934): App\Controllers\Home->index()
 9 SYSTEMPATH\CodeIgniter.php(499): CodeIgniter\CodeIgniter->runController(Object(App\Controllers\Home))
10 SYSTEMPATH\CodeIgniter.php(368): CodeIgniter\CodeIgniter->handleRequest(null, Object(Config\Cache), false)
11 FCPATH\index.php(67): CodeIgniter\CodeIgniter->run()
CRITICAL - 2023-01-18 11:38:59 --> Invalid file: "Layouts/navbar.php"
in SYSTEMPATH\Exceptions\FrameworkException.php on line 33.
 1 SYSTEMPATH\View\View.php(201): CodeIgniter\Exceptions\FrameworkException::forInvalidFile('Layouts/navbar.php')
 2 SYSTEMPATH\View\View.php(431): CodeIgniter\View\View->render('Layouts/navbar', null, true)
 3 APPPATH\Views\Pages\inicio.php(1): CodeIgniter\View\View->include('Layouts/navbar')
 4 SYSTEMPATH\View\View.php(213): include('APPPATH\\Views\\Pages\\inicio.php')
 5 SYSTEMPATH\View\View.php(216): CodeIgniter\View\View->CodeIgniter\View\{closure}()
 6 SYSTEMPATH\Common.php(1177): CodeIgniter\View\View->render('Pages/inicio', [], true)
 7 APPPATH\Controllers\Home.php(9): view('Pages/inicio')
 8 SYSTEMPATH\CodeIgniter.php(934): App\Controllers\Home->index()
 9 SYSTEMPATH\CodeIgniter.php(499): CodeIgniter\CodeIgniter->runController(Object(App\Controllers\Home))
10 SYSTEMPATH\CodeIgniter.php(368): CodeIgniter\CodeIgniter->handleRequest(null, Object(Config\Cache), false)
11 FCPATH\index.php(67): CodeIgniter\CodeIgniter->run()
CRITICAL - 2023-01-18 11:48:57 --> Undefined variable $thos
in APPPATH\Views\Pages\inicio.php on line 5.
 1 APPPATH\Views\Pages\inicio.php(5): CodeIgniter\Debug\Exceptions->errorHandler(2, 'Undefined variable $thos', 'APPPATH\\Views\\Pages\\inicio.php', 5)
 2 SYSTEMPATH\View\View.php(213): include('APPPATH\\Views\\Pages\\inicio.php')
 3 SYSTEMPATH\View\View.php(216): CodeIgniter\View\View->CodeIgniter\View\{closure}()
 4 SYSTEMPATH\Common.php(1177): CodeIgniter\View\View->render('Pages/inicio', [], true)
 5 APPPATH\Controllers\Home.php(9): view('Pages/inicio')
 6 SYSTEMPATH\CodeIgniter.php(934): App\Controllers\Home->index()
 7 SYSTEMPATH\CodeIgniter.php(499): CodeIgniter\CodeIgniter->runController(Object(App\Controllers\Home))
 8 SYSTEMPATH\CodeIgniter.php(368): CodeIgniter\CodeIgniter->handleRequest(null, Object(Config\Cache), false)
 9 FCPATH\index.php(67): CodeIgniter\CodeIgniter->run()
CRITICAL - 2023-01-18 11:49:01 --> Undefined variable $thos
in APPPATH\Views\Pages\inicio.php on line 5.
 1 APPPATH\Views\Pages\inicio.php(5): CodeIgniter\Debug\Exceptions->errorHandler(2, 'Undefined variable $thos', 'APPPATH\\Views\\Pages\\inicio.php', 5)
 2 SYSTEMPATH\View\View.php(213): include('APPPATH\\Views\\Pages\\inicio.php')
 3 SYSTEMPATH\View\View.php(216): CodeIgniter\View\View->CodeIgniter\View\{closure}()
 4 SYSTEMPATH\Common.php(1177): CodeIgniter\View\View->render('Pages/inicio', [], true)
 5 APPPATH\Controllers\Home.php(9): view('Pages/inicio')
 6 SYSTEMPATH\CodeIgniter.php(934): App\Controllers\Home->index()
 7 SYSTEMPATH\CodeIgniter.php(499): CodeIgniter\CodeIgniter->runController(Object(App\Controllers\Home))
 8 SYSTEMPATH\CodeIgniter.php(368): CodeIgniter\CodeIgniter->handleRequest(null, Object(Config\Cache), false)
 9 FCPATH\index.php(67): CodeIgniter\CodeIgniter->run()
CRITICAL - 2023-01-18 11:52:15 --> Undefined variable $thos
in APPPATH\Views\Pages\inicio.php on line 5.
 1 APPPATH\Views\Pages\inicio.php(5): CodeIgniter\Debug\Exceptions->errorHandler(2, 'Undefined variable $thos', 'APPPATH\\Views\\Pages\\inicio.php', 5)
 2 SYSTEMPATH\View\View.php(213): include('APPPATH\\Views\\Pages\\inicio.php')
 3 SYSTEMPATH\View\View.php(216): CodeIgniter\View\View->CodeIgniter\View\{closure}()
 4 SYSTEMPATH\Common.php(1177): CodeIgniter\View\View->render('Pages/inicio', [], true)
 5 APPPATH\Controllers\Home.php(9): view('Pages/inicio')
 6 SYSTEMPATH\CodeIgniter.php(934): App\Controllers\Home->index()
 7 SYSTEMPATH\CodeIgniter.php(499): CodeIgniter\CodeIgniter->runController(Object(App\Controllers\Home))
 8 SYSTEMPATH\CodeIgniter.php(368): CodeIgniter\CodeIgniter->handleRequest(null, Object(Config\Cache), false)
 9 FCPATH\index.php(67): CodeIgniter\CodeIgniter->run()
CRITICAL - 2023-01-18 11:52:26 --> Undefined variable $thos
in APPPATH\Views\Pages\inicio.php on line 5.
 1 APPPATH\Views\Pages\inicio.php(5): CodeIgniter\Debug\Exceptions->errorHandler(2, 'Undefined variable $thos', 'APPPATH\\Views\\Pages\\inicio.php', 5)
 2 SYSTEMPATH\View\View.php(213): include('APPPATH\\Views\\Pages\\inicio.php')
 3 SYSTEMPATH\View\View.php(216): CodeIgniter\View\View->CodeIgniter\View\{closure}()
 4 SYSTEMPATH\Common.php(1177): CodeIgniter\View\View->render('Pages/inicio', [], true)
 5 APPPATH\Controllers\Home.php(9): view('Pages/inicio')
 6 SYSTEMPATH\CodeIgniter.php(934): App\Controllers\Home->index()
 7 SYSTEMPATH\CodeIgniter.php(499): CodeIgniter\CodeIgniter->runController(Object(App\Controllers\Home))
 8 SYSTEMPATH\CodeIgniter.php(368): CodeIgniter\CodeIgniter->handleRequest(null, Object(Config\Cache), false)
 9 FCPATH\index.php(67): CodeIgniter\CodeIgniter->run()
CRITICAL - 2023-01-18 11:54:01 --> Undefined variable $thos
in APPPATH\Views\Pages\inicio.php on line 5.
 1 APPPATH\Views\Pages\inicio.php(5): CodeIgniter\Debug\Exceptions->errorHandler(2, 'Undefined variable $thos', 'APPPATH\\Views\\Pages\\inicio.php', 5)
 2 SYSTEMPATH\View\View.php(213): include('APPPATH\\Views\\Pages\\inicio.php')
 3 SYSTEMPATH\View\View.php(216): CodeIgniter\View\View->CodeIgniter\View\{closure}()
 4 SYSTEMPATH\Common.php(1177): CodeIgniter\View\View->render('Pages/inicio', [], true)
 5 APPPATH\Controllers\Home.php(9): view('Pages/inicio')
 6 SYSTEMPATH\CodeIgniter.php(934): App\Controllers\Home->index()
 7 SYSTEMPATH\CodeIgniter.php(499): CodeIgniter\CodeIgniter->runController(Object(App\Controllers\Home))
 8 SYSTEMPATH\CodeIgniter.php(368): CodeIgniter\CodeIgniter->handleRequest(null, Object(Config\Cache), false)
 9 FCPATH\index.php(67): CodeIgniter\CodeIgniter->run()
CRITICAL - 2023-01-18 11:55:14 --> Undefined variable $thos
in APPPATH\Views\Pages\inicio.php on line 5.
 1 APPPATH\Views\Pages\inicio.php(5): CodeIgniter\Debug\Exceptions->errorHandler(2, 'Undefined variable $thos', 'APPPATH\\Views\\Pages\\inicio.php', 5)
 2 SYSTEMPATH\View\View.php(213): include('APPPATH\\Views\\Pages\\inicio.php')
 3 SYSTEMPATH\View\View.php(216): CodeIgniter\View\View->CodeIgniter\View\{closure}()
 4 SYSTEMPATH\Common.php(1177): CodeIgniter\View\View->render('Pages/inicio', [], true)
 5 APPPATH\Controllers\Home.php(9): view('Pages/inicio')
 6 SYSTEMPATH\CodeIgniter.php(934): App\Controllers\Home->index()
 7 SYSTEMPATH\CodeIgniter.php(499): CodeIgniter\CodeIgniter->runController(Object(App\Controllers\Home))
 8 SYSTEMPATH\CodeIgniter.php(368): CodeIgniter\CodeIgniter->handleRequest(null, Object(Config\Cache), false)
 9 FCPATH\index.php(67): CodeIgniter\CodeIgniter->run()
CRITICAL - 2023-01-18 11:55:14 --> Undefined variable $thos
in APPPATH\Views\Pages\inicio.php on line 5.
 1 APPPATH\Views\Pages\inicio.php(5): CodeIgniter\Debug\Exceptions->errorHandler(2, 'Undefined variable $thos', 'APPPATH\\Views\\Pages\\inicio.php', 5)
 2 SYSTEMPATH\View\View.php(213): include('APPPATH\\Views\\Pages\\inicio.php')
 3 SYSTEMPATH\View\View.php(216): CodeIgniter\View\View->CodeIgniter\View\{closure}()
 4 SYSTEMPATH\Common.php(1177): CodeIgniter\View\View->render('Pages/inicio', [], true)
 5 APPPATH\Controllers\Home.php(9): view('Pages/inicio')
 6 SYSTEMPATH\CodeIgniter.php(934): App\Controllers\Home->index()
 7 SYSTEMPATH\CodeIgniter.php(499): CodeIgniter\CodeIgniter->runController(Object(App\Controllers\Home))
 8 SYSTEMPATH\CodeIgniter.php(368): CodeIgniter\CodeIgniter->handleRequest(null, Object(Config\Cache), false)
 9 FCPATH\index.php(67): CodeIgniter\CodeIgniter->run()
CRITICAL - 2023-01-18 11:55:15 --> Undefined variable $thos
in APPPATH\Views\Pages\inicio.php on line 5.
 1 APPPATH\Views\Pages\inicio.php(5): CodeIgniter\Debug\Exceptions->errorHandler(2, 'Undefined variable $thos', 'APPPATH\\Views\\Pages\\inicio.php', 5)
 2 SYSTEMPATH\View\View.php(213): include('APPPATH\\Views\\Pages\\inicio.php')
 3 SYSTEMPATH\View\View.php(216): CodeIgniter\View\View->CodeIgniter\View\{closure}()
 4 SYSTEMPATH\Common.php(1177): CodeIgniter\View\View->render('Pages/inicio', [], true)
 5 APPPATH\Controllers\Home.php(9): view('Pages/inicio')
 6 SYSTEMPATH\CodeIgniter.php(934): App\Controllers\Home->index()
 7 SYSTEMPATH\CodeIgniter.php(499): CodeIgniter\CodeIgniter->runController(Object(App\Controllers\Home))
 8 SYSTEMPATH\CodeIgniter.php(368): CodeIgniter\CodeIgniter->handleRequest(null, Object(Config\Cache), false)
 9 FCPATH\index.php(67): CodeIgniter\CodeIgniter->run()
CRITICAL - 2023-01-18 11:56:07 --> Undefined variable $thos
in APPPATH\Views\Pages\inicio.php on line 5.
 1 APPPATH\Views\Pages\inicio.php(5): CodeIgniter\Debug\Exceptions->errorHandler(2, 'Undefined variable $thos', 'APPPATH\\Views\\Pages\\inicio.php', 5)
 2 SYSTEMPATH\View\View.php(213): include('APPPATH\\Views\\Pages\\inicio.php')
 3 SYSTEMPATH\View\View.php(216): CodeIgniter\View\View->CodeIgniter\View\{closure}()
 4 SYSTEMPATH\Common.php(1177): CodeIgniter\View\View->render('Pages/inicio', [], true)
 5 APPPATH\Controllers\Home.php(9): view('Pages/inicio')
 6 SYSTEMPATH\CodeIgniter.php(934): App\Controllers\Home->index()
 7 SYSTEMPATH\CodeIgniter.php(499): CodeIgniter\CodeIgniter->runController(Object(App\Controllers\Home))
 8 SYSTEMPATH\CodeIgniter.php(368): CodeIgniter\CodeIgniter->handleRequest(null, Object(Config\Cache), false)
 9 FCPATH\index.php(67): CodeIgniter\CodeIgniter->run()
CRITICAL - 2023-01-18 11:56:11 --> Undefined variable $thos
in APPPATH\Views\Pages\inicio.php on line 5.
 1 APPPATH\Views\Pages\inicio.php(5): CodeIgniter\Debug\Exceptions->errorHandler(2, 'Undefined variable $thos', 'APPPATH\\Views\\Pages\\inicio.php', 5)
 2 SYSTEMPATH\View\View.php(213): include('APPPATH\\Views\\Pages\\inicio.php')
 3 SYSTEMPATH\View\View.php(216): CodeIgniter\View\View->CodeIgniter\View\{closure}()
 4 SYSTEMPATH\Common.php(1177): CodeIgniter\View\View->render('Pages/inicio', [], true)
 5 APPPATH\Controllers\Home.php(9): view('Pages/inicio')
 6 SYSTEMPATH\CodeIgniter.php(934): App\Controllers\Home->index()
 7 SYSTEMPATH\CodeIgniter.php(499): CodeIgniter\CodeIgniter->runController(Object(App\Controllers\Home))
 8 SYSTEMPATH\CodeIgniter.php(368): CodeIgniter\CodeIgniter->handleRequest(null, Object(Config\Cache), false)
 9 FCPATH\index.php(67): CodeIgniter\CodeIgniter->run()
CRITICAL - 2023-01-18 11:56:11 --> Undefined variable $thos
in APPPATH\Views\Pages\inicio.php on line 5.
 1 APPPATH\Views\Pages\inicio.php(5): CodeIgniter\Debug\Exceptions->errorHandler(2, 'Undefined variable $thos', 'APPPATH\\Views\\Pages\\inicio.php', 5)
 2 SYSTEMPATH\View\View.php(213): include('APPPATH\\Views\\Pages\\inicio.php')
 3 SYSTEMPATH\View\View.php(216): CodeIgniter\View\View->CodeIgniter\View\{closure}()
 4 SYSTEMPATH\Common.php(1177): CodeIgniter\View\View->render('Pages/inicio', [], true)
 5 APPPATH\Controllers\Home.php(9): view('Pages/inicio')
 6 SYSTEMPATH\CodeIgniter.php(934): App\Controllers\Home->index()
 7 SYSTEMPATH\CodeIgniter.php(499): CodeIgniter\CodeIgniter->runController(Object(App\Controllers\Home))
 8 SYSTEMPATH\CodeIgniter.php(368): CodeIgniter\CodeIgniter->handleRequest(null, Object(Config\Cache), false)
 9 FCPATH\index.php(67): CodeIgniter\CodeIgniter->run()
CRITICAL - 2023-01-18 11:56:11 --> Undefined variable $thos
in APPPATH\Views\Pages\inicio.php on line 5.
 1 APPPATH\Views\Pages\inicio.php(5): CodeIgniter\Debug\Exceptions->errorHandler(2, 'Undefined variable $thos', 'APPPATH\\Views\\Pages\\inicio.php', 5)
 2 SYSTEMPATH\View\View.php(213): include('APPPATH\\Views\\Pages\\inicio.php')
 3 SYSTEMPATH\View\View.php(216): CodeIgniter\View\View->CodeIgniter\View\{closure}()
 4 SYSTEMPATH\Common.php(1177): CodeIgniter\View\View->render('Pages/inicio', [], true)
 5 APPPATH\Controllers\Home.php(9): view('Pages/inicio')
 6 SYSTEMPATH\CodeIgniter.php(934): App\Controllers\Home->index()
 7 SYSTEMPATH\CodeIgniter.php(499): CodeIgniter\CodeIgniter->runController(Object(App\Controllers\Home))
 8 SYSTEMPATH\CodeIgniter.php(368): CodeIgniter\CodeIgniter->handleRequest(null, Object(Config\Cache), false)
 9 FCPATH\index.php(67): CodeIgniter\CodeIgniter->run()
CRITICAL - 2023-01-18 11:56:11 --> Undefined variable $thos
in APPPATH\Views\Pages\inicio.php on line 5.
 1 APPPATH\Views\Pages\inicio.php(5): CodeIgniter\Debug\Exceptions->errorHandler(2, 'Undefined variable $thos', 'APPPATH\\Views\\Pages\\inicio.php', 5)
 2 SYSTEMPATH\View\View.php(213): include('APPPATH\\Views\\Pages\\inicio.php')
 3 SYSTEMPATH\View\View.php(216): CodeIgniter\View\View->CodeIgniter\View\{closure}()
 4 SYSTEMPATH\Common.php(1177): CodeIgniter\View\View->render('Pages/inicio', [], true)
 5 APPPATH\Controllers\Home.php(9): view('Pages/inicio')
 6 SYSTEMPATH\CodeIgniter.php(934): App\Controllers\Home->index()
 7 SYSTEMPATH\CodeIgniter.php(499): CodeIgniter\CodeIgniter->runController(Object(App\Controllers\Home))
 8 SYSTEMPATH\CodeIgniter.php(368): CodeIgniter\CodeIgniter->handleRequest(null, Object(Config\Cache), false)
 9 FCPATH\index.php(67): CodeIgniter\CodeIgniter->run()
CRITICAL - 2023-01-18 11:56:11 --> Undefined variable $thos
in APPPATH\Views\Pages\inicio.php on line 5.
 1 APPPATH\Views\Pages\inicio.php(5): CodeIgniter\Debug\Exceptions->errorHandler(2, 'Undefined variable $thos', 'APPPATH\\Views\\Pages\\inicio.php', 5)
 2 SYSTEMPATH\View\View.php(213): include('APPPATH\\Views\\Pages\\inicio.php')
 3 SYSTEMPATH\View\View.php(216): CodeIgniter\View\View->CodeIgniter\View\{closure}()
 4 SYSTEMPATH\Common.php(1177): CodeIgniter\View\View->render('Pages/inicio', [], true)
 5 APPPATH\Controllers\Home.php(9): view('Pages/inicio')
 6 SYSTEMPATH\CodeIgniter.php(934): App\Controllers\Home->index()
 7 SYSTEMPATH\CodeIgniter.php(499): CodeIgniter\CodeIgniter->runController(Object(App\Controllers\Home))
 8 SYSTEMPATH\CodeIgniter.php(368): CodeIgniter\CodeIgniter->handleRequest(null, Object(Config\Cache), false)
 9 FCPATH\index.php(67): CodeIgniter\CodeIgniter->run()
CRITICAL - 2023-01-18 11:56:12 --> Undefined variable $thos
in APPPATH\Views\Pages\inicio.php on line 5.
 1 APPPATH\Views\Pages\inicio.php(5): CodeIgniter\Debug\Exceptions->errorHandler(2, 'Undefined variable $thos', 'APPPATH\\Views\\Pages\\inicio.php', 5)
 2 SYSTEMPATH\View\View.php(213): include('APPPATH\\Views\\Pages\\inicio.php')
 3 SYSTEMPATH\View\View.php(216): CodeIgniter\View\View->CodeIgniter\View\{closure}()
 4 SYSTEMPATH\Common.php(1177): CodeIgniter\View\View->render('Pages/inicio', [], true)
 5 APPPATH\Controllers\Home.php(9): view('Pages/inicio')
 6 SYSTEMPATH\CodeIgniter.php(934): App\Controllers\Home->index()
 7 SYSTEMPATH\CodeIgniter.php(499): CodeIgniter\CodeIgniter->runController(Object(App\Controllers\Home))
 8 SYSTEMPATH\CodeIgniter.php(368): CodeIgniter\CodeIgniter->handleRequest(null, Object(Config\Cache), false)
 9 FCPATH\index.php(67): CodeIgniter\CodeIgniter->run()
CRITICAL - 2023-01-18 11:56:12 --> Undefined variable $thos
in APPPATH\Views\Pages\inicio.php on line 5.
 1 APPPATH\Views\Pages\inicio.php(5): CodeIgniter\Debug\Exceptions->errorHandler(2, 'Undefined variable $thos', 'APPPATH\\Views\\Pages\\inicio.php', 5)
 2 SYSTEMPATH\View\View.php(213): include('APPPATH\\Views\\Pages\\inicio.php')
 3 SYSTEMPATH\View\View.php(216): CodeIgniter\View\View->CodeIgniter\View\{closure}()
 4 SYSTEMPATH\Common.php(1177): CodeIgniter\View\View->render('Pages/inicio', [], true)
 5 APPPATH\Controllers\Home.php(9): view('Pages/inicio')
 6 SYSTEMPATH\CodeIgniter.php(934): App\Controllers\Home->index()
 7 SYSTEMPATH\CodeIgniter.php(499): CodeIgniter\CodeIgniter->runController(Object(App\Controllers\Home))
 8 SYSTEMPATH\CodeIgniter.php(368): CodeIgniter\CodeIgniter->handleRequest(null, Object(Config\Cache), false)
 9 FCPATH\index.php(67): CodeIgniter\CodeIgniter->run()
CRITICAL - 2023-01-18 11:56:31 --> Undefined variable $thos
in APPPATH\Views\Pages\inicio.php on line 5.
 1 APPPATH\Views\Pages\inicio.php(5): CodeIgniter\Debug\Exceptions->errorHandler(2, 'Undefined variable $thos', 'APPPATH\\Views\\Pages\\inicio.php', 5)
 2 SYSTEMPATH\View\View.php(213): include('APPPATH\\Views\\Pages\\inicio.php')
 3 SYSTEMPATH\View\View.php(216): CodeIgniter\View\View->CodeIgniter\View\{closure}()
 4 SYSTEMPATH\Common.php(1177): CodeIgniter\View\View->render('Pages/inicio', [], true)
 5 APPPATH\Controllers\Home.php(9): view('Pages/inicio')
 6 SYSTEMPATH\CodeIgniter.php(934): App\Controllers\Home->index()
 7 SYSTEMPATH\CodeIgniter.php(499): CodeIgniter\CodeIgniter->runController(Object(App\Controllers\Home))
 8 SYSTEMPATH\CodeIgniter.php(368): CodeIgniter\CodeIgniter->handleRequest(null, Object(Config\Cache), false)
 9 FCPATH\index.php(67): CodeIgniter\CodeIgniter->run()
CRITICAL - 2023-01-18 12:05:39 --> Undefined variable $nombre
in APPPATH\Views\Pages\inicio.php on line 8.
 1 APPPATH\Views\Pages\inicio.php(8): CodeIgniter\Debug\Exceptions->errorHandler(2, 'Undefined variable $nombre', 'APPPATH\\Views\\Pages\\inicio.php', 8)
 2 SYSTEMPATH\View\View.php(213): include('APPPATH\\Views\\Pages\\inicio.php')
 3 SYSTEMPATH\View\View.php(216): CodeIgniter\View\View->CodeIgniter\View\{closure}()
 4 SYSTEMPATH\Common.php(1177): CodeIgniter\View\View->render('Pages/inicio', [], true)
 5 APPPATH\Controllers\Home.php(12): view('Pages/inicio', [...])
 6 SYSTEMPATH\CodeIgniter.php(934): App\Controllers\Home->index()
 7 SYSTEMPATH\CodeIgniter.php(499): CodeIgniter\CodeIgniter->runController(Object(App\Controllers\Home))
 8 SYSTEMPATH\CodeIgniter.php(368): CodeIgniter\CodeIgniter->handleRequest(null, Object(Config\Cache), false)
 9 FCPATH\index.php(67): CodeIgniter\CodeIgniter->run()
CRITICAL - 2023-01-18 12:05:42 --> Undefined variable $nombre
in APPPATH\Views\Pages\inicio.php on line 8.
 1 APPPATH\Views\Pages\inicio.php(8): CodeIgniter\Debug\Exceptions->errorHandler(2, 'Undefined variable $nombre', 'APPPATH\\Views\\Pages\\inicio.php', 8)
 2 SYSTEMPATH\View\View.php(213): include('APPPATH\\Views\\Pages\\inicio.php')
 3 SYSTEMPATH\View\View.php(216): CodeIgniter\View\View->CodeIgniter\View\{closure}()
 4 SYSTEMPATH\Common.php(1177): CodeIgniter\View\View->render('Pages/inicio', [], true)
 5 APPPATH\Controllers\Home.php(12): view('Pages/inicio', [...])
 6 SYSTEMPATH\CodeIgniter.php(934): App\Controllers\Home->index()
 7 SYSTEMPATH\CodeIgniter.php(499): CodeIgniter\CodeIgniter->runController(Object(App\Controllers\Home))
 8 SYSTEMPATH\CodeIgniter.php(368): CodeIgniter\CodeIgniter->handleRequest(null, Object(Config\Cache), false)
 9 FCPATH\index.php(67): CodeIgniter\CodeIgniter->run()
CRITICAL - 2023-01-18 12:05:42 --> Undefined variable $nombre
in APPPATH\Views\Pages\inicio.php on line 8.
 1 APPPATH\Views\Pages\inicio.php(8): CodeIgniter\Debug\Exceptions->errorHandler(2, 'Undefined variable $nombre', 'APPPATH\\Views\\Pages\\inicio.php', 8)
 2 SYSTEMPATH\View\View.php(213): include('APPPATH\\Views\\Pages\\inicio.php')
 3 SYSTEMPATH\View\View.php(216): CodeIgniter\View\View->CodeIgniter\View\{closure}()
 4 SYSTEMPATH\Common.php(1177): CodeIgniter\View\View->render('Pages/inicio', [], true)
 5 APPPATH\Controllers\Home.php(12): view('Pages/inicio', [...])
 6 SYSTEMPATH\CodeIgniter.php(934): App\Controllers\Home->index()
 7 SYSTEMPATH\CodeIgniter.php(499): CodeIgniter\CodeIgniter->runController(Object(App\Controllers\Home))
 8 SYSTEMPATH\CodeIgniter.php(368): CodeIgniter\CodeIgniter->handleRequest(null, Object(Config\Cache), false)
 9 FCPATH\index.php(67): CodeIgniter\CodeIgniter->run()
CRITICAL - 2023-01-18 12:05:42 --> Undefined variable $nombre
in APPPATH\Views\Pages\inicio.php on line 8.
 1 APPPATH\Views\Pages\inicio.php(8): CodeIgniter\Debug\Exceptions->errorHandler(2, 'Undefined variable $nombre', 'APPPATH\\Views\\Pages\\inicio.php', 8)
 2 SYSTEMPATH\View\View.php(213): include('APPPATH\\Views\\Pages\\inicio.php')
 3 SYSTEMPATH\View\View.php(216): CodeIgniter\View\View->CodeIgniter\View\{closure}()
 4 SYSTEMPATH\Common.php(1177): CodeIgniter\View\View->render('Pages/inicio', [], true)
 5 APPPATH\Controllers\Home.php(12): view('Pages/inicio', [...])
 6 SYSTEMPATH\CodeIgniter.php(934): App\Controllers\Home->index()
 7 SYSTEMPATH\CodeIgniter.php(499): CodeIgniter\CodeIgniter->runController(Object(App\Controllers\Home))
 8 SYSTEMPATH\CodeIgniter.php(368): CodeIgniter\CodeIgniter->handleRequest(null, Object(Config\Cache), false)
 9 FCPATH\index.php(67): CodeIgniter\CodeIgniter->run()
CRITICAL - 2023-01-18 12:06:18 --> Undefined variable $nombre
in APPPATH\Views\Pages\inicio.php on line 8.
 1 APPPATH\Views\Pages\inicio.php(8): CodeIgniter\Debug\Exceptions->errorHandler(2, 'Undefined variable $nombre', 'APPPATH\\Views\\Pages\\inicio.php', 8)
 2 SYSTEMPATH\View\View.php(213): include('APPPATH\\Views\\Pages\\inicio.php')
 3 SYSTEMPATH\View\View.php(216): CodeIgniter\View\View->CodeIgniter\View\{closure}()
 4 SYSTEMPATH\Common.php(1177): CodeIgniter\View\View->render('Pages/inicio', [], true)
 5 APPPATH\Controllers\Home.php(12): view('Pages/inicio', [...])
 6 SYSTEMPATH\CodeIgniter.php(934): App\Controllers\Home->index()
 7 SYSTEMPATH\CodeIgniter.php(499): CodeIgniter\CodeIgniter->runController(Object(App\Controllers\Home))
 8 SYSTEMPATH\CodeIgniter.php(368): CodeIgniter\CodeIgniter->handleRequest(null, Object(Config\Cache), false)
 9 FCPATH\index.php(67): CodeIgniter\CodeIgniter->run()
